<?xml version="1.0" encoding="UTF-8"?>
<!-- Generated by org.testng.reporters.JUnitReportReporter -->
<testsuite skipped="0" hostname="it002055" name="com.assignment2.googlesearch.stepdefinations.GoogleHomeRunner" tests="4" failures="0" timestamp="10 Feb 2022 18:23:51 GMT" time="34.271" errors="0">
  <testcase name="scenario" time="8.341" classname="com.assignment2.googlesearch.stepdefinations.GoogleHomeRunner"/>
  <testcase name="scenario" time="8.508" classname="com.assignment2.googlesearch.stepdefinations.GoogleHomeRunner"/>
  <testcase name="scenario" time="8.536" classname="com.assignment2.googlesearch.stepdefinations.GoogleHomeRunner"/>
  <testcase name="scenario" time="8.886" classname="com.assignment2.googlesearch.stepdefinations.GoogleHomeRunner"/>
</testsuite> <!-- com.assignment2.googlesearch.stepdefinations.GoogleHomeRunner -->
