<?xml version="1.0" encoding="UTF-8"?>
<!-- Generated by org.testng.reporters.JUnitReportReporter -->
<testsuite skipped="0" hostname="it002055" name="com.assignment2.q1.stepdefinations.JavatpointRunner" tests="1" failures="0" timestamp="10 Feb 2022 17:12:47 GMT" time="7.497" errors="0">
  <testcase name="scenario" time="7.497" classname="com.assignment2.q1.stepdefinations.JavatpointRunner"/>
</testsuite> <!-- com.assignment2.q1.stepdefinations.JavatpointRunner -->
