<?xml version="1.0" encoding="UTF-8"?>
<!-- Generated by org.testng.reporters.JUnitReportReporter -->
<testsuite skipped="0" hostname="it002055" name="com.assignment2.userreg.stepdefinations.RegisterRunner" tests="2" failures="0" timestamp="11 Feb 2022 09:47:40 GMT" time="43.201" errors="0">
  <testcase name="scenario" time="23.826" classname="com.assignment2.userreg.stepdefinations.RegisterRunner"/>
  <testcase name="scenario" time="19.375" classname="com.assignment2.userreg.stepdefinations.RegisterRunner"/>
</testsuite> <!-- com.assignment2.userreg.stepdefinations.RegisterRunner -->
